#
# There is insufficient memory for the Java Runtime Environment to continue.
# Native memory allocation (mmap) failed to map 134217728 bytes for Failed to commit area from 0x0000000081800000 to 0x0000000089800000 of length 134217728.
# Possible reasons:
#   The system is out of physical RAM or swap space
#   The process is running with CompressedOops enabled, and the Java Heap may be blocking the growth of the native heap
# Possible solutions:
#   Reduce memory load on the system
#   Increase physical memory or swap space
#   Check if swap backing store is full
#   Decrease Java heap size (-Xmx/-Xms)
#   Decrease number of Java threads
#   Decrease Java thread stack sizes (-Xss)
#   Set larger code cache with -XX:ReservedCodeCacheSize=
# This output file may be truncated or incomplete.
#
#  Out of Memory Error (t:/workspace/open/src/hotspot/os/windows/os_windows.cpp:3269), pid=6172, tid=9356
#
# JRE version:  (11.0.1+13) (build )
# Java VM: Java HotSpot(TM) 64-Bit Server VM (11.0.1+13-LTS, mixed mode, aot, sharing, tiered, compressed oops, g1 gc, windows-amd64)
# No core dump will be written. Minidumps are not enabled by default on client versions of Windows
#

---------------  S U M M A R Y ------------

Command Line: -Dmaven.home=EMBEDDED -Dclassworlds.conf=C:\Users\Ashish\Documents\java\.metadata\.plugins\org.eclipse.m2e.launching\launches\m2conf14910388242481945441.tmp -Dmaven.multiModuleProjectDirectory=C:\Users\Ashish\Documents\java\Aayu_linux -Djansi.force=true -Djansi.passthrough=true -Dfile.encoding=Cp1252 -Djava.net.preferIPv4Stack=true org.codehaus.plexus.classworlds.launcher.Launcher -Ppom.xml -B clean_install -Dstyle.color=always

Host: Intel(R) Core(TM) i5-4210U CPU @ 1.70GHz, 4 cores, 7G,  Windows 10 , 64 bit Build 19041 (10.0.19041.2364)
Time: Sat Dec 31 22:04:45 2022 Nepal Standard Time elapsed time: 0 seconds (0d 0h 0m 0s)

---------------  T H R E A D  ---------------

Current thread (0x00000207f8a06000):  JavaThread "Unknown thread" [_thread_in_vm, id=9356, stack(0x0000004b59f00000,0x0000004b5a000000)]

Stack: [0x0000004b59f00000,0x0000004b5a000000]
Native frames: (J=compiled Java code, j=interpreted, Vv=VM code, C=native code)
V  [jvm.dll+0x63c21a]
V  [jvm.dll+0x7797df]
V  [jvm.dll+0x77adca]
V  [jvm.dll+0x77b483]
V  [jvm.dll+0x2627f8]
V  [jvm.dll+0x6396ca]
V  [jvm.dll+0x62dfa5]
V  [jvm.dll+0x31699c]
V  [jvm.dll+0x316822]
V  [jvm.dll+0x31c096]
V  [jvm.dll+0x36842f]
V  [jvm.dll+0x367e50]
V  [jvm.dll+0x2f38b8]
V  [jvm.dll+0x2f4a16]
V  [jvm.dll+0x752da7]
V  [jvm.dll+0x7544ef]
V  [jvm.dll+0x375269]
V  [jvm.dll+0x7394a9]
V  [jvm.dll+0x3e467d]
V  [jvm.dll+0x3e6951]
C  [javaw.exe+0x3613]
C  [javaw.exe+0x17e2c]
C  [KERNEL32.DLL+0x17614]
C  [ntdll.dll+0x526a1]


---------------  P R O C E S S  ---------------

Threads class SMR info:
_java_thread_list=0x00000207f6ff4e20, length=0, elements={
}

Java Threads: ( => current thread )

Other Threads:
  0x00000207f8a1d000 GCTaskThread "GC Thread#0" [stack: 0x0000004b5a000000,0x0000004b5a100000] [id=15120]
  0x00000207f8a50800 ConcurrentGCThread "G1 Main Marker" [stack: 0x0000004b5a100000,0x0000004b5a200000] [id=1244]
  0x00000207f8a51800 ConcurrentGCThread "G1 Conc#0" [stack: 0x0000004b5a200000,0x0000004b5a300000] [id=15696]

[error occurred during error reporting (printing all threads), id 0xc0000005, EXCEPTION_ACCESS_VIOLATION (0xc0000005) at pc=0x00007ffcd4f32137]

VM state:not at safepoint (not fully initialized)

VM Mutex/Monitor currently owned by a thread:  ([mutex/lock_event])
[0x00000207f89f8f40] Heap_lock - owner thread: 0x00000207f8a06000

Heap address: 0x0000000081800000, size: 2024 MB, Compressed Oops mode: Non-zero based: 0x0000000081800000
Narrow klass base: 0x0000000000000000, Narrow klass shift: 0

GC Heap History (0 events):
No events

Deoptimization events (0 events):
No events

Classes redefined (0 events):
No events

Internal exceptions (0 events):
No events

Events (0 events):
No events


Dynamic libraries:
0x00007ff661ff0000 - 0x00007ff662037000 	C:\Users\Ashish\Downloads\jdk-11.0.1_windows-x64_bin\jdk-11.0.1\bin\javaw.exe
0x00007ffd272d0000 - 0x00007ffd274c8000 	C:\WINDOWS\SYSTEM32\ntdll.dll
0x00007ffd265f0000 - 0x00007ffd266af000 	C:\WINDOWS\System32\KERNEL32.DLL
0x00007ffd24c20000 - 0x00007ffd24ef2000 	C:\WINDOWS\System32\KERNELBASE.dll
0x00007ffd271e0000 - 0x00007ffd2728e000 	C:\WINDOWS\System32\ADVAPI32.dll
0x00007ffd26d30000 - 0x00007ffd26dce000 	C:\WINDOWS\System32\msvcrt.dll
0x00007ffd26dd0000 - 0x00007ffd26e6c000 	C:\WINDOWS\System32\sechost.dll
0x00007ffd26bd0000 - 0x00007ffd26cf5000 	C:\WINDOWS\System32\RPCRT4.dll
0x00007ffd25620000 - 0x00007ffd257c1000 	C:\WINDOWS\System32\USER32.dll
0x00007ffd24f00000 - 0x00007ffd24f22000 	C:\WINDOWS\System32\win32u.dll
0x00007ffd26d00000 - 0x00007ffd26d2b000 	C:\WINDOWS\System32\GDI32.dll
0x00007ffd249c0000 - 0x00007ffd24acf000 	C:\WINDOWS\System32\gdi32full.dll
0x00007ffd24b80000 - 0x00007ffd24c1d000 	C:\WINDOWS\System32\msvcp_win.dll
0x00007ffd24fb0000 - 0x00007ffd250b0000 	C:\WINDOWS\System32\ucrtbase.dll
0x00007ffd1ade0000 - 0x00007ffd1adea000 	C:\WINDOWS\SYSTEM32\VERSION.dll
0x00007ffd17f60000 - 0x00007ffd181fa000 	C:\WINDOWS\WinSxS\amd64_microsoft.windows.common-controls_6595b64144ccf1df_6.0.19041.1110_none_60b5254171f9507e\COMCTL32.dll
0x00007ffd26550000 - 0x00007ffd26582000 	C:\WINDOWS\System32\IMM32.DLL
0x00007ffd137f0000 - 0x00007ffd13806000 	C:\Users\Ashish\Downloads\jdk-11.0.1_windows-x64_bin\jdk-11.0.1\bin\vcruntime140.dll
0x00007ffcf06b0000 - 0x00007ffcf075a000 	C:\Users\Ashish\Downloads\jdk-11.0.1_windows-x64_bin\jdk-11.0.1\bin\msvcp140.dll
0x00007ffcd4c30000 - 0x00007ffcd5772000 	C:\Users\Ashish\Downloads\jdk-11.0.1_windows-x64_bin\jdk-11.0.1\bin\server\jvm.dll
0x00007ffd25610000 - 0x00007ffd25618000 	C:\WINDOWS\System32\PSAPI.DLL
0x00007ffd08ad0000 - 0x00007ffd08ad9000 	C:\WINDOWS\SYSTEM32\WSOCK32.dll
0x00007ffd1abf0000 - 0x00007ffd1ac17000 	C:\WINDOWS\SYSTEM32\WINMM.dll
0x00007ffd25d90000 - 0x00007ffd25dfb000 	C:\WINDOWS\System32\WS2_32.dll
0x00007ffd22820000 - 0x00007ffd22832000 	C:\WINDOWS\SYSTEM32\kernel.appcore.dll
0x00007ffd136f0000 - 0x00007ffd13701000 	C:\Users\Ashish\Downloads\jdk-11.0.1_windows-x64_bin\jdk-11.0.1\bin\verify.dll
0x00007ffd0fb90000 - 0x00007ffd0fd74000 	C:\WINDOWS\SYSTEM32\DBGHELP.DLL
0x00007ffd0fb20000 - 0x00007ffd0fb55000 	C:\WINDOWS\SYSTEM32\dbgcore.DLL
0x00007ffd25120000 - 0x00007ffd251a2000 	C:\WINDOWS\System32\bcryptPrimitives.dll
0x00007ffd03820000 - 0x00007ffd03849000 	C:\Users\Ashish\Downloads\jdk-11.0.1_windows-x64_bin\jdk-11.0.1\bin\java.dll
0x00007ffd041c0000 - 0x00007ffd041d6000 	C:\Users\Ashish\Downloads\jdk-11.0.1_windows-x64_bin\jdk-11.0.1\bin\zip.dll
0x00007ffd1f240000 - 0x00007ffd1f24a000 	C:\Users\Ashish\Downloads\jdk-11.0.1_windows-x64_bin\jdk-11.0.1\bin\jimage.dll

dbghelp: loaded successfully - version: 4.0.5 - missing functions: none
symbol engine: initialized successfully - sym options: 0x614 - pdb path: .;C:\Users\Ashish\Downloads\jdk-11.0.1_windows-x64_bin\jdk-11.0.1\bin;C:\WINDOWS\SYSTEM32;C:\WINDOWS\WinSxS\amd64_microsoft.windows.common-controls_6595b64144ccf1df_6.0.19041.1110_none_60b5254171f9507e;C:\Users\Ashish\Downloads\jdk-11.0.1_windows-x64_bin\jdk-11.0.1\bin\server

VM Arguments:
jvm_args: -Dmaven.home=EMBEDDED -Dclassworlds.conf=C:\Users\Ashish\Documents\java\.metadata\.plugins\org.eclipse.m2e.launching\launches\m2conf14910388242481945441.tmp -Dmaven.multiModuleProjectDirectory=C:\Users\Ashish\Documents\java\Aayu_linux -Djansi.force=true -Djansi.passthrough=true -Dfile.encoding=Cp1252 -Djava.net.preferIPv4Stack=true 
java_command: org.codehaus.plexus.classworlds.launcher.Launcher -Ppom.xml -B clean_install -Dstyle.color=always
java_class_path (initial): C:\Users\Ashish\Documents\sts-4.9.0.RELEASE\plugins\org.eclipse.m2e.maven.runtime_1.16.0.20210129-0849\jars\plexus-classworlds-2.6.0.jar
Launcher Type: SUN_STANDARD

[Global flags]
     intx CICompilerCount                          = 3                                         {product} {ergonomic}
     uint ConcGCThreads                            = 1                                         {product} {ergonomic}
     uint G1ConcRefinementThreads                  = 4                                         {product} {ergonomic}
   size_t G1HeapRegionSize                         = 1048576                                   {product} {ergonomic}
    uintx GCDrainStackTargetSize                   = 64                                        {product} {ergonomic}
   size_t InitialHeapSize                          = 134217728                                 {product} {ergonomic}
   size_t MarkStackSize                            = 4194304                                   {product} {ergonomic}
   size_t MaxHeapSize                              = 2122317824                                {product} {ergonomic}
   size_t MinHeapDeltaBytes                        = 1048576                                   {product} {ergonomic}
    uintx NonNMethodCodeHeapSize                   = 5830092                                {pd product} {ergonomic}
    uintx NonProfiledCodeHeapSize                  = 122914074                              {pd product} {ergonomic}
    uintx ProfiledCodeHeapSize                     = 122914074                              {pd product} {ergonomic}
    uintx ReservedCodeCacheSize                    = 251658240                              {pd product} {ergonomic}
     bool SegmentedCodeCache                       = true                                      {product} {ergonomic}
     bool UseCompressedClassPointers               = true                                 {lp64_product} {ergonomic}
     bool UseCompressedOops                        = true                                 {lp64_product} {ergonomic}
     bool UseG1GC                                  = true                                      {product} {ergonomic}
     bool UseLargePagesIndividualAllocation        = false                                  {pd product} {ergonomic}

Logging:
Log output configuration:
 #0: stdout all=warning uptime,level,tags
 #1: stderr all=off uptime,level,tags

Environment Variables:
JAVA_HOME=C:\Program Files\Java\jdk-19
_JAVA_OPTIONS=-Djava.net.preferIPv4Stack=true
PATH=C:/Users/Ashish/Documents/sts-4.9.0.RELEASE//plugins/org.eclipse.justj.openjdk.hotspot.jre.full.win32.x86_64_15.0.2.v20210201-0955/jre/bin/server;C:/Users/Ashish/Documents/sts-4.9.0.RELEASE//plugins/org.eclipse.justj.openjdk.hotspot.jre.full.win32.x86_64_15.0.2.v20210201-0955/jre/bin;C:\Program Files\Common Files\Oracle\Java\javapath;C:\Python39\Scripts\;C:\Python39\;C:\Program Files (x86)\Common Files\Oracle\Java\javapath;C:\WINDOWS\system32;C:\WINDOWS;C:\WINDOWS\System32\Wbem;C:\WINDOWS\System32\WindowsPowerShell\v1.0\;C:\WINDOWS\System32\OpenSSH\;C:\php;C:\Apache24;C:\Apache24\bin;C:\Program Files\NVIDIA Corporation\NVIDIA NvDLISR;C:\Program Files (x86)\NVIDIA Corporation\PhysX\Common;C:\WINDOWS\system32;C:\WINDOWS;C:\WINDOWS\System32\Wbem;C:\WINDOWS\System32\WindowsPowerShell\v1.0\;C:\WINDOWS\System32\OpenSSH\;C:\Program Files (x86)\NoteBook FanControl\;C:\Program Files\apache-maven-3.6.3\bin;C:\Program Files\nodejs\;C:\ProgramData\chocolatey\bin;C:\Program Files\Git\cmd;C:\Program Files\MiKTeX\miktex\bin\x64\;C:\Program Files\Docker\Docker\resources\bin;C:\ProgramData\DockerDesktop\version-bin;C:\Program Files\CodeBlocks\MinGW\bin;C:\Program Files (x86)\Microsoft SQL Server\150\DTS\Binn\;C:\Program Files\Azure Data Studio\bin;C:\Program Files\dotnet\;C:\Program Files\PuTTY\;C:\Users\Ashish\Downloads\jdk-11.0.1_windows-x64_bin\jdk-11.0.1\bin;C:\Users\Ashish\AppData\Local\Microsoft\WindowsApps;C:\Users\Ashish\AppData\Local\Programs\Microsoft VS Code\bin;C:\Users\Ashish\AppData\Roaming\npm;C:\tools\dart-sdk\bin;C:\Users\Ashish\AppData\Roaming\Pub\Cache\bin;C:\Program Files\heroku\bin;C:\Program Files\Azure Data Studio\bin;C:\Users\Ashish\.dotnet\tools;;C:\Users\Ashish\Documents\sts-4.9.0.RELEASE;
USERNAME=Ashish
OS=Windows_NT
PROCESSOR_IDENTIFIER=Intel64 Family 6 Model 69 Stepping 1, GenuineIntel



---------------  S Y S T E M  ---------------

OS: Windows 10 , 64 bit Build 19041 (10.0.19041.2364)

CPU:total 4 (initial active 4) (2 cores per cpu, 2 threads per core) family 6 model 69 stepping 1, cmov, cx8, fxsr, mmx, sse, sse2, sse3, ssse3, sse4.1, sse4.2, popcnt, avx, avx2, aes, clmul, erms, lzcnt, ht, tsc, tscinvbit, bmi1, bmi2, fma

Memory: 4k page, system-wide physical 8095M (999M free)
TotalPageFile size 10005M (AvailPageFile size 10M)
current process WorkingSet (physical memory assigned to process): 9M, peak: 9M
current process commit charge ("private bytes"): 51M, peak: 179M

vm_info: Java HotSpot(TM) 64-Bit Server VM (11.0.1+13-LTS) for windows-amd64 JRE (11.0.1+13-LTS), built on Oct  6 2018 13:20:16 by "mach5one" with MS VC++ 15.5 (VS2017)

END.
